<?xml version="1.0" encoding="UTF-8"?>
<!-- Generated by org.testng.reporters.JUnitReportReporter -->
<testsuite skipped="0" hostname="DESKTOP-M3HK27G" name="OneWay.domesticFlight" tests="2" failures="0" timestamp="18 Feb 2019 19:16:03 GMT" time="20.214" errors="0">
  <testcase name="check_same_from_to" time="10.199" classname="OneWay.domesticFlight"/>
  <testcase name="check_different_from_to_no_data" time="10.015" classname="OneWay.domesticFlight"/>
</testsuite> <!-- OneWay.domesticFlight -->
